This file contains any messages produced by compilers while
running configure, to aid debugging if configure makes a mistake.

It was created by hmmvar-func configure 1.0, which was
generated by GNU Autoconf 2.69.  Invocation command line was

  $ ./configure 

## --------- ##
## Platform. ##
## --------- ##

hostname = catmm.fios-router.home
uname -m = x86_64
uname -r = 15.2.0
uname -s = Darwin
uname -v = Darwin Kernel Version 15.2.0: Fri Nov 13 19:56:56 PST 2015; root:xnu-3248.20.55~2/RELEASE_X86_64

/usr/bin/uname -p = i386
/bin/uname -X     = unknown

/bin/arch              = unknown
/usr/bin/arch -k       = unknown
/usr/convex/getsysinfo = unknown
/usr/bin/hostinfo      = Mach kernel version:
	 Darwin Kernel Version 15.2.0: Fri Nov 13 19:56:56 PST 2015; root:xnu-3248.20.55~2/RELEASE_X86_64
Kernel configured for up to 4 processors.
2 processors are physically available.
4 processors are logically available.
Processor type: i486 (Intel 80486)
Processors active: 0 1 2 3
Primary memory available: 8.00 gigabytes
Default processor set: 325 tasks, 1542 threads, 4 processors
Load average: 1.15, Mach factor: 2.84
/bin/machine           = unknown
/usr/bin/oslevel       = unknown
/bin/universe          = unknown

PATH: /usr/local/bin
PATH: /usr/local/hadoop-drdobbs/target/dependency/y/google-cloud-sdk/bin
PATH: /usr/bin/
PATH: /opt/local/bin
PATH: /opt/local/sbin
PATH: /Users/mingmingliu/Documents/study/programming/hadoop-2.5.0/bin
PATH: /Users/mingmingliu/bin
PATH: /usr/local/bin
PATH: /usr/bin
PATH: /bin
PATH: /usr/sbin
PATH: /sbin
PATH: /opt/X11/bin
PATH: /usr/local/git/bin
PATH: /usr/local/ncbi/blast/bin
PATH: /Library/TeX/texbin
PATH: /Users/mingmingliu/.rvm/bin


## ----------- ##
## Core tests. ##
## ----------- ##

configure:1828: checking for a BSD-compatible install
configure:1896: result: /usr/bin//install -c
configure:1907: checking whether build environment is sane
configure:1957: result: yes
configure:2098: checking for a thread-safe mkdir -p
configure:2137: result: ./install-sh -c -d
configure:2150: checking for gawk
configure:2180: result: no
configure:2150: checking for mawk
configure:2180: result: no
configure:2150: checking for nawk
configure:2180: result: no
configure:2150: checking for awk
configure:2166: found /usr/bin//awk
configure:2177: result: awk
configure:2188: checking whether make sets $(MAKE)
configure:2210: result: yes
configure:2348: checking for g++
configure:2364: found /usr/bin//g++
configure:2375: result: g++
configure:2402: checking for C++ compiler version
configure:2411: g++ --version >&5
Apple LLVM version 7.3.0 (clang-703.0.31)
Target: x86_64-apple-darwin15.2.0
Thread model: posix
InstalledDir: /Applications/Xcode.app/Contents/Developer/Toolchains/XcodeDefault.xctoolchain/usr/bin
Configured with: --prefix=/Applications/Xcode.app/Contents/Developer/usr --with-gxx-include-dir=/usr/include/c++/4.2.1
configure:2422: $? = 0
configure:2411: g++ -v >&5
Configured with: --prefix=/Applications/Xcode.app/Contents/Developer/usr --with-gxx-include-dir=/usr/include/c++/4.2.1
Apple LLVM version 7.3.0 (clang-703.0.31)
Target: x86_64-apple-darwin15.2.0
Thread model: posix
InstalledDir: /Applications/Xcode.app/Contents/Developer/Toolchains/XcodeDefault.xctoolchain/usr/bin
configure:2422: $? = 0
configure:2411: g++ -V >&5
clang: error: argument to '-V' is missing (expected 1 value)
clang: error: no input files
configure:2422: $? = 1
configure:2411: g++ -qversion >&5
clang: error: unknown argument: '-qversion'
clang: error: no input files
configure:2422: $? = 1
configure:2442: checking whether the C++ compiler works
configure:2464: g++    conftest.cpp  >&5
configure:2468: $? = 0
configure:2516: result: yes
configure:2519: checking for C++ compiler default output file name
configure:2521: result: a.out
configure:2527: checking for suffix of executables
configure:2534: g++ -o conftest    conftest.cpp  >&5
configure:2538: $? = 0
configure:2560: result: 
configure:2582: checking whether we are cross compiling
configure:2590: g++ -o conftest    conftest.cpp  >&5
configure:2594: $? = 0
configure:2601: ./conftest
configure:2605: $? = 0
configure:2620: result: no
configure:2625: checking for suffix of object files
configure:2647: g++ -c   conftest.cpp >&5
configure:2651: $? = 0
configure:2672: result: o
configure:2676: checking whether we are using the GNU C++ compiler
configure:2695: g++ -c   conftest.cpp >&5
configure:2695: $? = 0
configure:2704: result: yes
configure:2713: checking whether g++ accepts -g
configure:2733: g++ -c -g  conftest.cpp >&5
configure:2733: $? = 0
configure:2774: result: yes
configure:2808: checking for style of include used by make
configure:2836: result: GNU
configure:2862: checking dependency style of g++
configure:2973: result: gcc3
configure:2996: checking for psiblast
configure:3014: found /usr/local/ncbi/blast/bin/psiblast
configure:3027: result: /usr/local/ncbi/blast/bin/psiblast
configure:3043: checking for muscle
configure:3061: found /usr/local/bin/muscle
configure:3074: result: /usr/local/bin/muscle
configure:3090: checking for hmmbuild
configure:3108: found /usr/local/bin/hmmbuild
configure:3121: result: /usr/local/bin/hmmbuild
configure:3137: checking for blastdbcmd
configure:3155: found /usr/local/ncbi/blast/bin/blastdbcmd
configure:3168: result: /usr/local/ncbi/blast/bin/blastdbcmd
configure:3313: creating ./config.status

## ---------------------- ##
## Running config.status. ##
## ---------------------- ##

This file was extended by hmmvar-func config.status 1.0, which was
generated by GNU Autoconf 2.69.  Invocation command line was

  CONFIG_FILES    = 
  CONFIG_HEADERS  = 
  CONFIG_LINKS    = 
  CONFIG_COMMANDS = 
  $ ./config.status 

on catmm.fios-router.home

config.status:841: creating Makefile
config.status:841: creating src/Makefile
config.status:841: creating config.h
config.status:1022: config.h is unchanged
config.status:1070: executing depfiles commands

## ---------------- ##
## Cache variables. ##
## ---------------- ##

ac_cv_cxx_compiler_gnu=yes
ac_cv_env_CCC_set=
ac_cv_env_CCC_value=
ac_cv_env_CPPFLAGS_set=
ac_cv_env_CPPFLAGS_value=
ac_cv_env_CXXFLAGS_set=
ac_cv_env_CXXFLAGS_value=
ac_cv_env_CXX_set=
ac_cv_env_CXX_value=
ac_cv_env_LDFLAGS_set=
ac_cv_env_LDFLAGS_value=
ac_cv_env_LIBS_set=
ac_cv_env_LIBS_value=
ac_cv_env_build_alias_set=
ac_cv_env_build_alias_value=
ac_cv_env_host_alias_set=
ac_cv_env_host_alias_value=
ac_cv_env_target_alias_set=
ac_cv_env_target_alias_value=
ac_cv_objext=o
ac_cv_path_BLASTDBCMD=/usr/local/ncbi/blast/bin/blastdbcmd
ac_cv_path_HMMER=/usr/local/bin/hmmbuild
ac_cv_path_MUSCLE=/usr/local/bin/muscle
ac_cv_path_PSIBLAST=/usr/local/ncbi/blast/bin/psiblast
ac_cv_path_install='/usr/bin//install -c'
ac_cv_prog_AWK=awk
ac_cv_prog_ac_ct_CXX=g++
ac_cv_prog_cxx_g=yes
ac_cv_prog_make_make_set=yes
am_cv_CXX_dependencies_compiler_type=gcc3

## ----------------- ##
## Output variables. ##
## ----------------- ##

ACLOCAL='${SHELL} /Users/mingmingliu/tools/hmmvar-func/missing --run aclocal-1.11'
AMDEPBACKSLASH='\'
AMDEP_FALSE='#'
AMDEP_TRUE=''
AMTAR='$${TAR-tar}'
AUTOCONF='${SHELL} /Users/mingmingliu/tools/hmmvar-func/missing --run autoconf'
AUTOHEADER='${SHELL} /Users/mingmingliu/tools/hmmvar-func/missing --run autoheader'
AUTOMAKE='${SHELL} /Users/mingmingliu/tools/hmmvar-func/missing --run automake-1.11'
AWK='awk'
BLASTDBCMD='/usr/local/ncbi/blast/bin/blastdbcmd'
BLAST_DB=''
CPPFLAGS=''
CXX='g++'
CXXDEPMODE='depmode=gcc3'
CXXFLAGS='-g -O2'
CYGPATH_W='echo'
DEFS='-DHAVE_CONFIG_H'
DEPDIR='.deps'
ECHO_C='\c'
ECHO_N=''
ECHO_T=''
EXEEXT=''
HMMER='/usr/local/bin/hmmbuild'
INSTALL_DATA='${INSTALL} -m 644'
INSTALL_PROGRAM='${INSTALL}'
INSTALL_SCRIPT='${INSTALL}'
INSTALL_STRIP_PROGRAM='$(install_sh) -c -s'
LDFLAGS=''
LIBOBJS=''
LIBS=''
LTLIBOBJS=''
MAKEINFO='${SHELL} /Users/mingmingliu/tools/hmmvar-func/missing --run makeinfo'
MKDIR_P='./install-sh -c -d'
MUSCLE='/usr/local/bin/muscle'
OBJEXT='o'
PACKAGE='hmmvar-func'
PACKAGE_BUGREPORT='mingml@vt.edu'
PACKAGE_NAME='hmmvar-func'
PACKAGE_STRING='hmmvar-func 1.0'
PACKAGE_TARNAME='hmmvar-func'
PACKAGE_URL=''
PACKAGE_VERSION='1.0'
PATH_SEPARATOR=':'
PSIBLAST='/usr/local/ncbi/blast/bin/psiblast'
SET_MAKE=''
SHELL='/bin/sh'
STRIP=''
VERSION='1.0'
ac_ct_CXX='g++'
am__EXEEXT_FALSE=''
am__EXEEXT_TRUE='#'
am__fastdepCXX_FALSE='#'
am__fastdepCXX_TRUE=''
am__include='include'
am__isrc=''
am__leading_dot='.'
am__nodep='_no'
am__quote=''
am__tar='$${TAR-tar} chof - "$$tardir"'
am__untar='$${TAR-tar} xf -'
bindir='${exec_prefix}/bin'
build_alias=''
datadir='${datarootdir}'
datarootdir='${prefix}/share'
docdir='${datarootdir}/doc/${PACKAGE_TARNAME}'
dvidir='${docdir}'
exec_prefix='${prefix}'
host_alias=''
htmldir='${docdir}'
includedir='${prefix}/include'
infodir='${datarootdir}/info'
install_sh='${SHELL} /Users/mingmingliu/tools/hmmvar-func/install-sh'
libdir='${exec_prefix}/lib'
libexecdir='${exec_prefix}/libexec'
localedir='${datarootdir}/locale'
localstatedir='${prefix}/var'
mandir='${datarootdir}/man'
mkdir_p='$(top_builddir)/./install-sh -c -d'
oldincludedir='/usr/include'
pdfdir='${docdir}'
prefix='/usr/local'
program_transform_name='s,x,x,'
psdir='${docdir}'
sbindir='${exec_prefix}/sbin'
sharedstatedir='${prefix}/com'
sysconfdir='${prefix}/etc'
target_alias=''

## ----------- ##
## confdefs.h. ##
## ----------- ##

/* confdefs.h */
#define PACKAGE_NAME "hmmvar-func"
#define PACKAGE_TARNAME "hmmvar-func"
#define PACKAGE_VERSION "1.0"
#define PACKAGE_STRING "hmmvar-func 1.0"
#define PACKAGE_BUGREPORT "mingml@vt.edu"
#define PACKAGE_URL ""
#define PACKAGE "hmmvar-func"
#define VERSION "1.0"

configure: exit 0
